[2009-05-04 22:13:22.662,server,INFO] ----------------------------------------
[2009-05-04 22:13:22.662,server,INFO] Server is starting! Snakelets 1.50
[2009-05-04 22:13:22.662,server,INFO] sendfile(2) is NOT available, compatible but slower file serving is used
[2009-05-04 22:13:22.662,server,INFO] Creating server on "vismaya.btbytes.com"
[2009-05-04 22:13:22.663,server,INFO] creating new server socket
[2009-05-04 22:13:31.806,server,INFO] ----------------------------------------
[2009-05-04 22:13:31.807,server,INFO] Server is starting! Snakelets 1.50
[2009-05-04 22:13:31.807,server,INFO] sendfile(2) is NOT available, compatible but slower file serving is used
[2009-05-04 22:13:31.807,server,INFO] Creating server on "vismaya.btbytes.com"
[2009-05-04 22:13:31.807,server,INFO] creating new server socket
[2009-05-04 22:14:54.774,server,INFO] ----------------------------------------
[2009-05-04 22:14:54.774,server,INFO] Server is starting! Snakelets 1.50
[2009-05-04 22:14:54.774,server,INFO] sendfile(2) is NOT available, compatible but slower file serving is used
[2009-05-04 22:14:54.775,server,INFO] Creating server on ""
[2009-05-04 22:14:54.775,server,INFO] got privileged socket object
[2009-05-04 22:14:54.776,server,INFO] Processing virtual host 'charon'
[2009-05-04 22:14:54.777,server,INFO] Loading webapp 'test'
[2009-05-04 22:14:54.950,server,DEBUG] WEBAPP test (14 snakelets )
[2009-05-04 22:14:54.950,server,DEBUG]  name = Test Web application
[2009-05-04 22:14:54.951,server,DEBUG]   url = /test/
[2009-05-04 22:14:54.951,webapp,INFO] Precompiling all Ypages...
[2009-05-04 22:14:54.953,YpageEngine,DEBUG] parsing ypage "authpattern.y"... 
[2009-05-04 22:14:54.961,YpageEngine,DEBUG] compiling...
[2009-05-04 22:14:54.962,YpageEngine,DEBUG] done (10 ms, 2499 lines/sec)
[2009-05-04 22:14:54.963,YpageEngine,DEBUG] parsing ypage "cookie.y"... 
[2009-05-04 22:14:54.967,YpageEngine,DEBUG] compiling...
[2009-05-04 22:14:54.968,YpageEngine,DEBUG] done (10 ms, 3099 lines/sec)
[2009-05-04 22:14:54.968,YpageEngine,DEBUG] parsing ypage "cookiejs.y"... 
[2009-05-04 22:14:54.972,YpageEngine,DEBUG] compiling...
[2009-05-04 22:14:54.973,YpageEngine,DEBUG] done (1 ms, 34000 lines/sec)
[2009-05-04 22:14:54.973,YpageEngine,DEBUG] parsing ypage "encoding.y"... 
[2009-05-04 22:14:54.983,YpageEngine,DEBUG] compiling...
[2009-05-04 22:14:54.984,YpageEngine,DEBUG] done (10 ms, 3299 lines/sec)
[2009-05-04 22:14:54.984,YpageEngine,DEBUG] parsing ypage "errorpage.y"... 
[2009-05-04 22:14:54.989,YpageEngine,DEBUG] compiling...
[2009-05-04 22:14:54.989,YpageEngine,DEBUG] done (9 ms, 2200 lines/sec)
[2009-05-04 22:14:54.990,YpageEngine,DEBUG] parsing ypage "included.y"... 
[2009-05-04 22:14:55.024,YpageEngine,DEBUG] compiling...
[2009-05-04 22:14:55.025,YpageEngine,DEBUG] done (1 ms, 10000 lines/sec)
[2009-05-04 22:14:55.025,YpageEngine,DEBUG] parsing ypage "includetest.y"... 
[2009-05-04 22:14:55.060,YpageEngine,DEBUG] compiling...
[2009-05-04 22:14:55.061,YpageEngine,DEBUG] done (20 ms, 2199 lines/sec)
[2009-05-04 22:14:55.061,YpageEngine,DEBUG] parsing ypage "index.y"... 
[2009-05-04 22:14:55.076,YpageEngine,DEBUG] compiling...
[2009-05-04 22:14:55.076,YpageEngine,DEBUG] done (10 ms, 7799 lines/sec)
[2009-05-04 22:14:55.077,YpageEngine,DEBUG] parsing ypage "inherit.y"... 
[2009-05-04 22:14:55.079,YpageEngine,DEBUG] compiling...
[2009-05-04 22:14:55.088,YpageEngine,DEBUG] done (20 ms, 349 lines/sec)
[2009-05-04 22:14:55.088,YpageEngine,DEBUG] parsing ypage "memory.y"... 
[2009-05-04 22:14:55.091,YpageEngine,DEBUG] compiling...
[2009-05-04 22:14:55.092,YpageEngine,DEBUG] done (1 ms, 19000 lines/sec)
[2009-05-04 22:14:55.093,YpageEngine,DEBUG] parsing ypage "notshared.y"... 
[2009-05-04 22:14:55.100,YpageEngine,DEBUG] compiling...
[2009-05-04 22:14:55.100,YpageEngine,DEBUG] done (10 ms, 5599 lines/sec)
[2009-05-04 22:14:55.101,YpageEngine,DEBUG] parsing ypage "Template.y"... 
[2009-05-04 22:14:55.104,YpageEngine,DEBUG] compiling...
[2009-05-04 22:14:55.105,YpageEngine,DEBUG] done (1 ms, 30000 lines/sec)
[2009-05-04 22:14:55.105,YpageEngine,DEBUG] parsing ypage "templatepage1.y"... 
[2009-05-04 22:14:55.109,YpageEngine,DEBUG] compiling...
[2009-05-04 22:14:55.110,YpageEngine,DEBUG] done (10 ms, 1099 lines/sec)
[2009-05-04 22:14:55.110,YpageEngine,DEBUG] parsing ypage "templatepage2.y"... 
[2009-05-04 22:14:55.114,YpageEngine,DEBUG] compiling...
[2009-05-04 22:14:55.114,YpageEngine,DEBUG] done (1 ms, 11000 lines/sec)
[2009-05-04 22:14:55.114,YpageEngine,DEBUG] parsing ypage "templatepage_error.y"... 
[2009-05-04 22:14:55.118,YpageEngine,DEBUG] compiling...
[2009-05-04 22:14:55.118,YpageEngine,DEBUG] done (1 ms, 11000 lines/sec)
[2009-05-04 22:14:55.119,YpageEngine,DEBUG] parsing ypage "test.y"... 
[2009-05-04 22:14:55.128,YpageEngine,DEBUG] compiling...
[2009-05-04 22:14:55.129,YpageEngine,DEBUG] done (1 ms, 61000 lines/sec)
[2009-05-04 22:14:55.129,YpageEngine,DEBUG] parsing ypage "testauth.y"... 
[2009-05-04 22:14:55.133,YpageEngine,DEBUG] compiling...
[2009-05-04 22:14:55.134,YpageEngine,DEBUG] done (1 ms, 27000 lines/sec)
[2009-05-04 22:14:55.134,YpageEngine,DEBUG] parsing ypage "testauth2.y"... 
[2009-05-04 22:14:55.137,YpageEngine,DEBUG] compiling...
[2009-05-04 22:14:55.138,YpageEngine,DEBUG] done (1 ms, 27000 lines/sec)
[2009-05-04 22:14:55.138,YpageEngine,DEBUG] parsing ypage "testerror_cust.y"... 
[2009-05-04 22:14:55.139,YpageEngine,DEBUG] compiling...
[2009-05-04 22:14:55.140,YpageEngine,DEBUG] done (10 ms, 999 lines/sec)
[2009-05-04 22:14:55.140,YpageEngine,DEBUG] parsing ypage "testerror_norm.y"... 
[2009-05-04 22:14:55.141,YpageEngine,DEBUG] compiling...
[2009-05-04 22:14:55.142,YpageEngine,DEBUG] done (1 ms, 9000 lines/sec)
[2009-05-04 22:14:55.142,YpageEngine,DEBUG] parsing ypage "testform.y"... 
[2009-05-04 22:14:55.150,YpageEngine,DEBUG] compiling...
[2009-05-04 22:14:55.151,YpageEngine,DEBUG] done (10 ms, 7199 lines/sec)
[2009-05-04 22:14:55.151,YpageEngine,DEBUG] parsing ypage "urlasset.y"... 
[2009-05-04 22:14:55.165,YpageEngine,DEBUG] compiling...
[2009-05-04 22:14:55.167,YpageEngine,DEBUG] done (10 ms, 4599 lines/sec)
[2009-05-04 22:14:55.168,server,INFO] Got webapp: [WebApp 'Test Web application' on vhost 'charon', urlprefix=/test/]
[2009-05-04 22:14:55.168,server,INFO] Loading webapp 'manage'
[2009-05-04 22:14:55.194,server,DEBUG] WEBAPP manage (1 snakelets )
[2009-05-04 22:14:55.195,server,DEBUG]  name = Server Management
[2009-05-04 22:14:55.195,server,DEBUG]   url = /manage/
[2009-05-04 22:14:55.195,webapp,INFO] Precompiling all Ypages...
[2009-05-04 22:14:55.196,YpageEngine,DEBUG] parsing ypage "access_disp.y"... 
[2009-05-04 22:14:55.200,YpageEngine,DEBUG] compiling...
[2009-05-04 22:14:55.201,YpageEngine,DEBUG] done (1 ms, 25000 lines/sec)
[2009-05-04 22:14:55.201,YpageEngine,DEBUG] parsing ypage "access_log.y"... 
[2009-05-04 22:14:55.211,YpageEngine,DEBUG] compiling...
[2009-05-04 22:14:55.222,YpageEngine,DEBUG] done (20 ms, 2799 lines/sec)
[2009-05-04 22:14:55.222,YpageEngine,DEBUG] parsing ypage "index.y"... 
[2009-05-04 22:14:55.223,YpageEngine,DEBUG] compiling...
[2009-05-04 22:14:55.224,YpageEngine,DEBUG] done (1 ms, 3000 lines/sec)
[2009-05-04 22:14:55.224,YpageEngine,DEBUG] parsing ypage "login.y"... 
[2009-05-04 22:14:55.230,YpageEngine,DEBUG] compiling...
[2009-05-04 22:14:55.231,YpageEngine,DEBUG] done (10 ms, 3599 lines/sec)
[2009-05-04 22:14:55.231,YpageEngine,DEBUG] parsing ypage "manage_template.y"... 
[2009-05-04 22:14:55.242,YpageEngine,DEBUG] compiling...
[2009-05-04 22:14:55.243,YpageEngine,DEBUG] done (10 ms, 1099 lines/sec)
[2009-05-04 22:14:55.243,YpageEngine,DEBUG] parsing ypage "menu.y"... 
[2009-05-04 22:14:55.255,YpageEngine,DEBUG] compiling...
[2009-05-04 22:14:55.256,YpageEngine,DEBUG] done (9 ms, 5700 lines/sec)
[2009-05-04 22:14:55.257,YpageEngine,DEBUG] parsing ypage "serverinfo.y"... 
[2009-05-04 22:14:55.269,YpageEngine,DEBUG] compiling...
[2009-05-04 22:14:55.270,YpageEngine,DEBUG] done (10 ms, 7299 lines/sec)
[2009-05-04 22:14:55.271,YpageEngine,DEBUG] parsing ypage "sessions.y"... 
[2009-05-04 22:14:55.279,YpageEngine,DEBUG] compiling...
[2009-05-04 22:14:55.281,YpageEngine,DEBUG] done (10 ms, 5599 lines/sec)
[2009-05-04 22:14:55.281,YpageEngine,DEBUG] parsing ypage "webappinfo.y"... 
[2009-05-04 22:14:55.304,YpageEngine,DEBUG] compiling...
[2009-05-04 22:14:55.307,YpageEngine,DEBUG] done (30 ms, 4666 lines/sec)
[2009-05-04 22:14:55.307,YpageEngine,DEBUG] parsing ypage "webapps.y"... 
[2009-05-04 22:14:55.319,YpageEngine,DEBUG] compiling...
[2009-05-04 22:14:55.320,YpageEngine,DEBUG] done (10 ms, 8699 lines/sec)
[2009-05-04 22:14:55.321,server,INFO] Got webapp: [WebApp 'Server Management' on vhost 'charon', urlprefix=/manage/]
[2009-05-04 22:14:55.321,server,INFO] Loading webapp 'account'
[2009-05-04 22:14:55.325,server,DEBUG] WEBAPP account (1 snakelets )
[2009-05-04 22:14:55.325,server,DEBUG]  name = Test Account/Login
[2009-05-04 22:14:55.325,server,DEBUG]   url = /account/
[2009-05-04 22:14:55.326,webapp,INFO] Precompiling all Ypages...
[2009-05-04 22:14:55.326,YpageEngine,DEBUG] parsing ypage "createprofile.y"... 
[2009-05-04 22:14:55.359,YpageEngine,DEBUG] compiling...
[2009-05-04 22:14:55.361,YpageEngine,DEBUG] done (10 ms, 4299 lines/sec)
[2009-05-04 22:14:55.361,YpageEngine,DEBUG] parsing ypage "loggedin.y"... 
[2009-05-04 22:14:55.365,YpageEngine,DEBUG] compiling...
[2009-05-04 22:14:55.366,YpageEngine,DEBUG] done (10 ms, 1999 lines/sec)
[2009-05-04 22:14:55.366,YpageEngine,DEBUG] parsing ypage "login.y"... 
[2009-05-04 22:14:55.382,YpageEngine,DEBUG] compiling...
[2009-05-04 22:14:55.383,YpageEngine,DEBUG] done (10 ms, 7199 lines/sec)
[2009-05-04 22:14:55.383,YpageEngine,DEBUG] parsing ypage "logout.y"... 
[2009-05-04 22:14:55.385,YpageEngine,DEBUG] compiling...
[2009-05-04 22:14:55.386,YpageEngine,DEBUG] done (10 ms, 2099 lines/sec)
[2009-05-04 22:14:55.386,YpageEngine,DEBUG] parsing ypage "profilecreated.y"... 
[2009-05-04 22:14:55.390,YpageEngine,DEBUG] compiling...
[2009-05-04 22:14:55.390,YpageEngine,DEBUG] done (1 ms, 27000 lines/sec)
[2009-05-04 22:14:55.391,YpageEngine,DEBUG] parsing ypage "viewprofile.y"... 
[2009-05-04 22:14:55.401,YpageEngine,DEBUG] compiling...
[2009-05-04 22:14:55.402,YpageEngine,DEBUG] done (10 ms, 5699 lines/sec)
[2009-05-04 22:14:55.403,server,INFO] Got webapp: [WebApp 'Test Account/Login' on vhost 'charon', urlprefix=/account/]
[2009-05-04 22:14:55.403,server,INFO] Loading webapp 'music'
[2009-05-04 22:14:55.425,server,DEBUG] WEBAPP music (3 snakelets )
[2009-05-04 22:14:55.425,server,DEBUG]  name = Music browser
[2009-05-04 22:14:55.425,server,DEBUG]   url = /music/
[2009-05-04 22:14:55.425,webapp,INFO] Precompiling all Ypages...
[2009-05-04 22:14:55.426,YpageEngine,DEBUG] parsing ypage "index.y"... 
[2009-05-04 22:14:55.441,YpageEngine,DEBUG] compiling...
[2009-05-04 22:14:55.456,YpageEngine,DEBUG] done (30 ms, 3966 lines/sec)
[2009-05-04 22:14:55.457,server,INFO] Got webapp: [WebApp 'Music browser' on vhost 'charon', urlprefix=/music/]
[2009-05-04 22:14:55.457,server,INFO] Loading webapp 'shop'
[2009-05-04 22:14:55.462,server,DEBUG] WEBAPP shop (1 snakelets )
[2009-05-04 22:14:55.462,server,DEBUG]  name = E-shop demo
[2009-05-04 22:14:55.462,server,DEBUG]   url = /shop/
[2009-05-04 22:14:55.462,webapp,INFO] Precompiling all Ypages...
[2009-05-04 22:14:55.463,YpageEngine,DEBUG] parsing ypage "cart.y"... 
[2009-05-04 22:14:55.466,YpageEngine,DEBUG] compiling...
[2009-05-04 22:14:55.466,YpageEngine,DEBUG] done (1 ms, 21000 lines/sec)
[2009-05-04 22:14:55.467,YpageEngine,DEBUG] parsing ypage "checkout.y"... 
[2009-05-04 22:14:55.473,YpageEngine,DEBUG] compiling...
[2009-05-04 22:14:55.475,YpageEngine,DEBUG] done (10 ms, 5899 lines/sec)
[2009-05-04 22:14:55.475,YpageEngine,DEBUG] parsing ypage "exit.y"... 
[2009-05-04 22:14:55.480,YpageEngine,DEBUG] compiling...
[2009-05-04 22:14:55.481,YpageEngine,DEBUG] done (1 ms, 33000 lines/sec)
[2009-05-04 22:14:55.481,YpageEngine,DEBUG] parsing ypage "products.y"... 
[2009-05-04 22:14:55.484,YpageEngine,DEBUG] compiling...
[2009-05-04 22:14:55.485,YpageEngine,DEBUG] done (10 ms, 2899 lines/sec)
[2009-05-04 22:14:55.485,server,INFO] Got webapp: [WebApp 'E-shop demo' on vhost 'charon', urlprefix=/shop/]
[2009-05-04 22:14:55.486,server,INFO] Loading webapp 'shared1'
[2009-05-04 22:14:55.487,server,DEBUG] WEBAPP shared1 (0 snakelets )
[2009-05-04 22:14:55.487,server,DEBUG]  name = Shared Session webapp 1
[2009-05-04 22:14:55.488,server,DEBUG]   url = /shared1/
[2009-05-04 22:14:55.488,server,WARNING] shared1 shares the session with other webapps. Possible security problem!
[2009-05-04 22:14:55.488,webapp,INFO] Precompiling all Ypages...
[2009-05-04 22:14:55.489,YpageEngine,DEBUG] parsing ypage "index.y"... 
[2009-05-04 22:14:55.496,YpageEngine,DEBUG] compiling...
[2009-05-04 22:14:55.499,YpageEngine,DEBUG] done (10 ms, 5399 lines/sec)
[2009-05-04 22:14:55.499,YpageEngine,DEBUG] parsing ypage "login.y"... 
[2009-05-04 22:14:55.504,YpageEngine,DEBUG] compiling...
[2009-05-04 22:14:55.505,YpageEngine,DEBUG] done (1 ms, 31000 lines/sec)
[2009-05-04 22:14:55.505,server,INFO] Got webapp: [WebApp 'Shared Session webapp 1' on vhost 'charon', urlprefix=/shared1/]
[2009-05-04 22:14:55.505,server,INFO] Loading webapp 'shared2'
[2009-05-04 22:14:55.507,server,DEBUG] WEBAPP shared2 (0 snakelets )
[2009-05-04 22:14:55.507,server,DEBUG]  name = Shared Session webapp 2
[2009-05-04 22:14:55.507,server,DEBUG]   url = /shared2/
[2009-05-04 22:14:55.507,server,WARNING] shared2 shares the session with other webapps. Possible security problem!
[2009-05-04 22:14:55.508,webapp,INFO] Precompiling all Ypages...
[2009-05-04 22:14:55.508,YpageEngine,DEBUG] parsing ypage "index.y"... 
[2009-05-04 22:14:55.515,YpageEngine,DEBUG] compiling...
[2009-05-04 22:14:55.516,YpageEngine,DEBUG] done (1 ms, 54000 lines/sec)
[2009-05-04 22:14:55.516,YpageEngine,DEBUG] parsing ypage "login.y"... 
[2009-05-04 22:14:55.521,YpageEngine,DEBUG] compiling...
[2009-05-04 22:14:55.522,YpageEngine,DEBUG] done (10 ms, 3099 lines/sec)
[2009-05-04 22:14:55.522,server,INFO] Got webapp: [WebApp 'Shared Session webapp 2' on vhost 'charon', urlprefix=/shared2/]
[2009-05-04 22:14:55.522,server,INFO] Processing virtual host 'meuk'
[2009-05-04 22:14:55.523,server,INFO] Loading webapp 'test'
[2009-05-04 22:14:55.525,server,DEBUG] WEBAPP test (14 snakelets )
[2009-05-04 22:14:55.525,server,DEBUG]  name = Test Web application
[2009-05-04 22:14:55.525,server,DEBUG]   url = /test/
[2009-05-04 22:14:55.526,server,DEBUG] (already precompiled all Ypages)
[2009-05-04 22:14:55.526,server,INFO] Got webapp: [WebApp 'Test Web application' on vhost 'meuk', urlprefix=/test/]
[2009-05-04 22:14:55.526,server,INFO] Processing virtual host 'charon' root webapp 'ROOT'
[2009-05-04 22:14:55.528,server,DEBUG] WEBAPP ROOT (0 snakelets )
[2009-05-04 22:14:55.528,server,DEBUG]  name = Web server root
[2009-05-04 22:14:55.529,server,DEBUG]   url = /
[2009-05-04 22:14:55.529,webapp,INFO] Precompiling all Ypages...
[2009-05-04 22:14:55.529,YpageEngine,DEBUG] parsing ypage "index.y"... 
[2009-05-04 22:14:55.536,YpageEngine,DEBUG] compiling...
[2009-05-04 22:14:55.537,YpageEngine,DEBUG] done (9 ms, 4000 lines/sec)
[2009-05-04 22:14:55.538,server,DEBUG] Got webapp: [WebApp 'Web server root' on vhost 'charon', urlprefix=/]
[2009-05-04 22:14:55.538,server,INFO] Default virtual host: charon:9080
[2009-05-04 22:14:55.538,server,INFO] 9 webapps registered.
[2009-05-04 22:14:55.539,server,INFO] Snakelets 1.50 using port 9080
[2009-05-04 22:15:04.355,server,DEBUG] 404 because file does not exist: /Users/pradeep/svn/snakelets/Snakelets/webapps/ROOT/favicon.ico
[2009-05-04 22:16:40.799,webapp,ERROR] PAGE '/test/templatepage_error.y' threw exception: ZeroDivisionError: integer division or modulo by zero
[2009-05-04 22:16:40.800,webapp,ERROR] TRACEBACK:   File "/Users/pradeep/svn/snakelets/Snakelets/snakeserver/YpageEngine.py", line 263, in createOutput
    tplpage.create(out, _request, _response, templatedPage=self)
  File "<Ypage_code_of_Template>", line 23, in create
  File "<Ypage_code_of_templatepage_error>", line 14, in create

[2009-05-04 22:16:53.016,webapp,ERROR] AUTH ERROR browser needs to supply authentication information for this URL
[2009-05-04 22:17:00.664,webapp,DEBUG] redirected to signin page: /shared1/login.y
[2009-05-04 22:18:32.072,webapp,DEBUG] redirected to signin page: /manage/login.y
[2009-05-04 22:18:37.460,YpageEngine,DEBUG] parsing ypage "login"... 
[2009-05-04 22:18:37.469,YpageEngine,DEBUG] compiling...
[2009-05-04 22:18:37.470,YpageEngine,DEBUG] done (10 ms, 3599 lines/sec)
[2009-05-04 22:18:47.443,YpageEngine,DEBUG] parsing ypage "webappinfo"... 
[2009-05-04 22:18:47.476,YpageEngine,DEBUG] compiling...
[2009-05-04 22:18:47.479,YpageEngine,DEBUG] done (29 ms, 4666 lines/sec)
[2009-05-04 22:19:13.371,server,DEBUG] 404 because file does not exist: /Users/pradeep/svn/snakelets/Snakelets/webapps/ROOT/test
[2009-05-04 22:47:04.050,server,WARNING] Server got a keyboard interrupt signal
[2009-05-04 22:47:04.051,server,WARNING] Server is shutting down.
[2009-05-04 22:47:04.051,server,WARNING] ----------------------------------------
[2009-05-04 22:47:04.052,server,INFO] Closing down webapps...
[2009-05-04 22:47:04.052,server,DEBUG] closing [WebApp 'Test Account/Login' on vhost 'charon', urlprefix=/account/]
[2009-05-04 22:47:04.053,server,DEBUG] closing [WebApp 'Test Web application' on vhost 'meuk', urlprefix=/test/]
[2009-05-04 22:47:04.053,server,DEBUG] closing [WebApp 'Server Management' on vhost 'charon', urlprefix=/manage/]
[2009-05-04 22:47:04.054,server,DEBUG] closing [WebApp 'Shared Session webapp 2' on vhost 'charon', urlprefix=/shared2/]
[2009-05-04 22:47:04.054,server,DEBUG] closing [WebApp 'Test Web application' on vhost 'charon', urlprefix=/test/]
[2009-05-04 22:47:04.056,server,DEBUG] closing [WebApp 'E-shop demo' on vhost 'charon', urlprefix=/shop/]
[2009-05-04 22:47:04.056,server,DEBUG] closing [WebApp 'Web server root' on vhost 'charon', urlprefix=/]
[2009-05-04 22:47:04.057,server,DEBUG] closing [WebApp 'Shared Session webapp 1' on vhost 'charon', urlprefix=/shared1/]
[2009-05-04 22:47:04.057,server,DEBUG] closing [WebApp 'Music browser' on vhost 'charon', urlprefix=/music/]
[2009-05-04 22:47:04.058,server,INFO] Exiting.
